<?xml version="1.0" encoding="UTF-8"?>
<!-- Generated by org.testng.reporters.JUnitXMLReporter -->
<testsuite hostname="LAPTOP-HEN8AC4S" ignored="4" name="TestB" tests="7" failures="2" timestamp="2021-12-19T11:33:53 IST" time="0.129" errors="0">
  <testcase name="logout" time="0.001" classname="testcase.Session">
    <failure type="java.lang.NullPointerException">
      <![CDATA[java.lang.NullPointerException
at keywords.Generickeywords.navigate(Generickeywords.java:60)
at testcase.Session.logout(Session.java:35)
at java.util.ArrayList.forEach(ArrayList.java:1259)
... Removed 27 stack frames]]>
    </failure>
  </testcase> <!-- logout -->
  <testcase name="createportfolio" time="0.004" classname="testcase.portfoliomanagement">
    <failure type="java.lang.NullPointerException">
      <![CDATA[java.lang.NullPointerException
at keywords.Generickeywords.navigate(Generickeywords.java:60)
at testcase.portfoliomanagement.createportfolio(portfoliomanagement.java:20)
at java.util.ArrayList.forEach(ArrayList.java:1259)
... Removed 27 stack frames]]>
    </failure>
  </testcase> <!-- createportfolio -->
  <testcase name="addstock" time="0.003" classname="testcase.Stockmanagement"/>
  <testcase name="modifystock" time="0.002" classname="testcase.Stockmanagement"/>
  <testcase name="verifybuyprice" time="0.001" classname="testcase.Stockmanagement"/>
  <testcase name="verifyquantity" time="0.002" classname="testcase.Stockmanagement"/>
  <testcase name="verifytransactionhistory" time="0.004" classname="testcase.Stockmanagement"/>
  <testcase name="login" time="0.0" classname="testcase.Session">
    <ignored/>
  </testcase> <!-- login -->
  <testcase name="@AfterTest flush" time="0.0" classname="testbase.testbase">
    <ignored/>
  </testcase> <!-- @AfterTest flush -->
  <testcase name="deleteportfolio" time="0.0" classname="testcase.portfoliomanagement">
    <ignored/>
  </testcase> <!-- deleteportfolio -->
  <testcase name="@BeforeTest beforetest" time="0.0" classname="testbase.testbase">
    <ignored/>
  </testcase> <!-- @BeforeTest beforetest -->
</testsuite> <!-- TestB -->
