<?xml version="1.0" encoding="UTF-8"?>
<!-- Generated by org.testng.reporters.JUnitXMLReporter -->
<testsuite hostname="LAPTOP-HEN8AC4S" ignored="6" name="TestA" tests="7" failures="2" timestamp="2021-12-25T10:02:41 IST" time="19.135" errors="0">
  <testcase name="@BeforeMethod beforemethod" time="0.001" classname="testbase.testbase">
    <skipped/>
  </testcase> <!-- @BeforeMethod beforemethod -->
  <testcase name="@BeforeMethod beforemethod" time="-1.640406759784E9" classname="testbase.testbase">
    <skipped/>
  </testcase> <!-- @BeforeMethod beforemethod -->
  <testcase name="@BeforeMethod beforemethod" time="-1.64040675979E9" classname="testbase.testbase">
    <skipped/>
  </testcase> <!-- @BeforeMethod beforemethod -->
  <testcase name="@BeforeMethod beforemethod" time="-1.640406759795E9" classname="testbase.testbase">
    <skipped/>
  </testcase> <!-- @BeforeMethod beforemethod -->
  <testcase name="login" time="16.889" classname="testcase.Session"/>
  <testcase name="createportfolio" time="0.002" classname="testcase.portfoliomanagement">
    <failure type="java.lang.ArithmeticException" message="/ by zero">
      <![CDATA[java.lang.ArithmeticException: / by zero
at testcase.portfoliomanagement.createportfolio(portfoliomanagement.java:21)
at java.util.ArrayList.forEach(ArrayList.java:1259)
... Removed 27 stack frames]]>
    </failure>
  </testcase> <!-- createportfolio -->
  <testcase name="addstock" time="0.29" classname="testcase.Stockmanagement">
    <failure type="java.lang.AssertionError" message="The following asserts failed:
	summa,
	Summa inonu,
	critical failure,
	Stock fail">
      <![CDATA[java.lang.AssertionError: The following asserts failed:
summa,
Summa inonu,
critical failure,
Stock fail
at keywords.Generickeywords.assertall(Generickeywords.java:208)
at keywords.Generickeywords.reportfail(Generickeywords.java:199)
at testcase.Stockmanagement.addstock(Stockmanagement.java:15)
at java.util.ArrayList.forEach(ArrayList.java:1259)
... Removed 29 stack frames]]>
    </failure>
  </testcase> <!-- addstock -->
  <testcase name="modifystock" time="0.0" classname="testcase.Stockmanagement">
    <skipped/>
  </testcase> <!-- modifystock -->
  <testcase name="verifybuyprice" time="0.0" classname="testcase.Stockmanagement">
    <skipped/>
  </testcase> <!-- verifybuyprice -->
  <testcase name="verifyquantity" time="0.0" classname="testcase.Stockmanagement">
    <skipped/>
  </testcase> <!-- verifyquantity -->
  <testcase name="verifytransactionhistory" time="0.0" classname="testcase.Stockmanagement">
    <skipped/>
  </testcase> <!-- verifytransactionhistory -->
  <testcase name="@AfterTest flush" time="0.0" classname="testbase.testbase">
    <ignored/>
  </testcase> <!-- @AfterTest flush -->
  <testcase name="@AfterTest flush" time="0.0" classname="testbase.testbase">
    <ignored/>
  </testcase> <!-- @AfterTest flush -->
  <testcase name="deleteportfolio" time="0.0" classname="testcase.portfoliomanagement">
    <ignored/>
  </testcase> <!-- deleteportfolio -->
  <testcase name="logout" time="0.0" classname="testcase.Session">
    <ignored/>
  </testcase> <!-- logout -->
  <testcase name="@BeforeTest beforetest" time="0.0" classname="testbase.testbase">
    <ignored/>
  </testcase> <!-- @BeforeTest beforetest -->
  <testcase name="@BeforeTest beforetest" time="0.0" classname="testbase.testbase">
    <ignored/>
  </testcase> <!-- @BeforeTest beforetest -->
</testsuite> <!-- TestA -->
