<?xml version="1.0" encoding="UTF-8"?>
<!-- Generated by org.testng.reporters.JUnitXMLReporter -->
<testsuite hostname="LAPTOP-HEN8AC4S" ignored="1" name="SellStockTest" tests="3" failures="0" timestamp="2022-01-01T09:35:03 IST" time="121.998" errors="0">
  <testcase name="modifystock" time="56.776" classname="testcase.Stockmanagement"/>
  <testcase name="verifyquantity" time="12.513" classname="testcase.Stockmanagement"/>
  <testcase name="verifytransactionhistory" time="11.527" classname="testcase.Stockmanagement"/>
  <testcase name="addstock" time="0.0" classname="testcase.Stockmanagement">
    <ignored/>
  </testcase> <!-- addstock -->
</testsuite> <!-- SellStockTest -->
