<?xml version="1.0" encoding="UTF-8"?>
<!-- Generated by org.testng.reporters.JUnitXMLReporter -->
<testsuite hostname="LAPTOP-HEN8AC4S" ignored="1" name="StockTest" tests="3" failures="0" timestamp="2021-12-29T14:14:21 IST" time="66.937" errors="0">
  <testcase name="addstock" time="20.55" classname="testcase.Stockmanagement"/>
  <testcase name="verifyquantity" time="0.515" classname="testcase.Stockmanagement"/>
  <testcase name="verifytransactionhistory" time="11.645" classname="testcase.Stockmanagement"/>
  <testcase name="modifystock" time="0.0" classname="testcase.Stockmanagement">
    <ignored/>
  </testcase> <!-- modifystock -->
</testsuite> <!-- StockTest -->
