<?xml version="1.0" encoding="UTF-8"?>
<!-- Generated by org.testng.reporters.JUnitXMLReporter -->
<testsuite hostname="LAPTOP-HEN8AC4S" ignored="1" name="BookingTest-No discount-pay@hotel" tests="6" failures="0" timestamp="2021-12-14T18:18:56 IST" time="0.037" errors="0">
  <testcase name="searchhotel" time="0.003" classname="Clientchangingreq.Bookingsearch"/>
  <testcase name="selectroom" time="0.004" classname="Clientchangingreq.Bookingsearch"/>
  <testcase name="enterguestinfo" time="0.002" classname="Clientchangingreq.Bookingsearch"/>
  <testcase name="applydiscount" time="0.002" classname="Clientchangingreq.Paymentmanager"/>
  <testcase name="makepayment" time="0.001" classname="Clientchangingreq.Paymentmanager"/>
  <testcase name="checkemail" time="0.004" classname="Clientchangingreq.customercommunication"/>
  <testcase name="loadbooking" time="0.0" classname="Clientchangingreq.Bookingsearch">
    <ignored/>
  </testcase> <!-- loadbooking -->
</testsuite> <!-- BookingTest-No discount-pay@hotel -->
