<?xml version="1.0" encoding="UTF-8"?>
<testsuite xmlns:xsi="http://www.w3.org/2001/XMLSchema-instance" xsi:noNamespaceSchemaLocation="https://maven.apache.org/surefire/maven-surefire-plugin/xsd/surefire-test-report-3.0.xsd" version="3.0" name="TestSuite" time="341.918" tests="12" errors="0" skipped="0" failures="5">
  <properties>
[...]
</properties>
  <testcase name="modifystock" classname="testcase.Stockmanagement" time="31.373">
    <failure message="element not interactable&#10;  (Session info: chrome=96.0.4664.110)&#10;Build info: version: &apos;4.0.0&apos;, revision: &apos;3a21814679&apos;&#10;System info: host: &apos;LAPTOP-HEN8AC4S&apos;, ip: &apos;192.168.0.110&apos;, os.name: &apos;Windows 10&apos;, os.arch: &apos;amd64&apos;, os.version: &apos;10.0&apos;, java.version: &apos;1.8.0_301&apos;&#10;Driver info: org.openqa.selenium.remote.RemoteWebDriver&#10;Command: [fd3138ded76cd240e3a1f9906864aac2, clickElement {id=79c7e250-b7e7-4d73-839a-dab78e7cb5be}]&#10;Capabilities {acceptInsecureCerts: false, browserName: chrome, browserVersion: 96.0.4664.110, chrome: {chromedriverVersion: 96.0.4664.45 (76e4c1bb2ab46..., userDataDir: C:\Users\MATHUR~1\AppData\L...}, goog:chromeOptions: {debuggerAddress: localhost:58338}, javascriptEnabled: true, networkConnectionEnabled: false, pageLoadStrategy: eager, platform: WIN10, platformName: WIN10, proxy: Proxy(), se:cdp: ws://192.168.0.110:4444/ses..., se:cdpVersion: 96.0.4664.110, setWindowRect: true, strictFileInteractability: false, timeouts: {implicit: 0, pageLoad: 300000, script: 30000}, unhandledPromptBehavior: dismiss and notify, webauthn:extension:credBlob: true, webauthn:extension:largeBlob: true, webauthn:virtualAuthenticators: true}&#10;Element: [[RemoteWebDriver: chrome on WIN10 (fd3138ded76cd240e3a1f9906864aac2)] -&gt; xpath: //table[@id=&apos;stock&apos;]/tbody/tr[3]/td[3]//input]&#10;Session ID: fd3138ded76cd240e3a1f9906864aac2" type="org.openqa.selenium.ElementNotInteractableException"><![CDATA[org.openqa.selenium.ElementNotInteractableException: 
element not interactable
  (Session info: chrome=96.0.4664.110)
Build info: version: '4.0.0', revision: '3a21814679'
System info: host: 'LAPTOP-HEN8AC4S', ip: '192.168.0.110', os.name: 'Windows 10', os.arch: 'amd64', os.version: '10.0', java.version: '1.8.0_301'
Driver info: org.openqa.selenium.remote.RemoteWebDriver
Command: [fd3138ded76cd240e3a1f9906864aac2, clickElement {id=79c7e250-b7e7-4d73-839a-dab78e7cb5be}]
Capabilities {acceptInsecureCerts: false, browserName: chrome, browserVersion: 96.0.4664.110, chrome: {chromedriverVersion: 96.0.4664.45 (76e4c1bb2ab46..., userDataDir: C:\Users\MATHUR~1\AppData\L...}, goog:chromeOptions: {debuggerAddress: localhost:58338}, javascriptEnabled: true, networkConnectionEnabled: false, pageLoadStrategy: eager, platform: WIN10, platformName: WIN10, proxy: Proxy(), se:cdp: ws://192.168.0.110:4444/ses..., se:cdpVersion: 96.0.4664.110, setWindowRect: true, strictFileInteractability: false, timeouts: {implicit: 0, pageLoad: 300000, script: 30000}, unhandledPromptBehavior: dismiss and notify, webauthn:extension:credBlob: true, webauthn:extension:largeBlob: true, webauthn:virtualAuthenticators: true}
Element: [[RemoteWebDriver: chrome on WIN10 (fd3138ded76cd240e3a1f9906864aac2)] -> xpath: //table[@id='stock']/tbody/tr[3]/td[3]//input]
Session ID: fd3138ded76cd240e3a1f9906864aac2
	at testcase.Stockmanagement.modifystock(Stockmanagement.java:68)
]]></failure>
    <system-out><![CDATA[before test
before test
before test
before test
url------https://money.rediff.com/index.html
url------https://money.rediff.com/index.html
before method
before method
waiting for jquery to load
waiting for jquery to load
waiting for jquery to load
waiting for jquery to load
waiting for jquery to load
waiting for jquery to load
waiting for jquery to load
waiting for jquery to load
3
10

SBI Cards and Pay
BSE  
150
985.00
3
147,750.00
10
928.00 (5.15)

139,200.00
-8,550.00
SBI Cards and Pay
-5.79
BSE  
10
150

985.00
Tata Consultancy
147,750.00
BSE  
928.00 (5.15)
72
139,200.00
2,850.67
205,248.00
-8,550.00
-5.79
3,736.85 (3.70)
269,053.20
10
63,805.20

31.09
Tata Consultancy
10
BSE  

72
Tata Motors Ltd.
Tata Motors Ltd.------2
2,850.67
205,248.00
3,736.85 (3.70)
269,053.20
63,805.20
3
31.09
10
10

SBI Cards and Pay
BSE  

150
985.00
Tata Motors Ltd.
Tata Motors Ltd.------2
147,750.00
928.00 (5.15)
139,200.00
-8,550.00
-5.79
10

Tata Consultancy
BSE  
72
3
2,850.67
10
205,248.00

3,736.85 (3.70)
SBI Cards and Pay
269,053.20
63,805.20
BSE  
31.09
150
10
985.00

147,750.00
Tata Motors Ltd.
Tata Motors Ltd.------2
928.00 (5.15)
139,200.00
-8,550.00
-5.79
10

Tata Consultancy
BSE  
72
3
2,850.67
10
205,248.00

3,736.85 (3.70)
SBI Cards and Pay
269,053.20
BSE  
63,805.20
150
985.00
31.09
147,750.00
10
928.00 (5.15)

139,200.00
-8,550.00
Tata Motors Ltd.
Tata Motors Ltd.------2
-5.79
10

Tata Consultancy
BSE  
72
2,850.67
205,248.00
3,736.85 (3.70)
269,053.20
63,805.20
31.09
10
3

10
Tata Motors Ltd.
Tata Motors Ltd.------2

SBI Cards and Pay
BSE  
150
985.00
147,750.00
928.00 (5.15)
139,200.00
-8,550.00
-5.79
10

Tata Consultancy
BSE  
72
2,850.67
205,248.00
3,736.85 (3.70)
269,053.20
63,805.20
31.09
10

Tata Motors Ltd.
Tata Motors Ltd.------2
 Test Failed-modifystock
element not interactable
  (Session info: chrome=96.0.4664.110)
Build info: version: '4.0.0', revision: '3a21814679'
System info: host: 'LAPTOP-HEN8AC4S', ip: '192.168.0.110', os.name: 'Windows 10', os.arch: 'amd64', os.version: '10.0', java.version: '1.8.0_301'
Driver info: org.openqa.selenium.remote.RemoteWebDriver
Command: [fd3138ded76cd240e3a1f9906864aac2, clickElement {id=79c7e250-b7e7-4d73-839a-dab78e7cb5be}]
Capabilities {acceptInsecureCerts: false, browserName: chrome, browserVersion: 96.0.4664.110, chrome: {chromedriverVersion: 96.0.4664.45 (76e4c1bb2ab46..., userDataDir: C:\Users\MATHUR~1\AppData\L...}, goog:chromeOptions: {debuggerAddress: localhost:58338}, javascriptEnabled: true, networkConnectionEnabled: false, pageLoadStrategy: eager, platform: WIN10, platformName: WIN10, proxy: Proxy(), se:cdp: ws://192.168.0.110:4444/ses..., se:cdpVersion: 96.0.4664.110, setWindowRect: true, strictFileInteractability: false, timeouts: {implicit: 0, pageLoad: 300000, script: 30000}, unhandledPromptBehavior: dismiss and notify, webauthn:extension:credBlob: true, webauthn:extension:largeBlob: true, webauthn:virtualAuthenticators: true}
Element: [[RemoteWebDriver: chrome on WIN10 (fd3138ded76cd240e3a1f9906864aac2)] -> xpath: //table[@id='stock']/tbody/tr[3]/td[3]//input]
Session ID: fd3138ded76cd240e3a1f9906864aac2
]]></system-out>
    <system-err><![CDATA[Jan 01, 2022 10:44:28 PM org.openqa.selenium.remote.tracing.opentelemetry.OpenTelemetryTracer createTracer
INFO: Using OpenTelemetry for tracing
SLF4J: Failed to load class "org.slf4j.impl.StaticLoggerBinder".
SLF4J: Defaulting to no-operation (NOP) logger implementation
SLF4J: See http://www.slf4j.org/codes.html#StaticLoggerBinder for further details.
Jan 01, 2022 10:44:50 PM org.openqa.selenium.remote.ProtocolHandshake createSession
INFO: Detected dialect: W3C
Jan 01, 2022 10:44:50 PM org.openqa.selenium.remote.ProtocolHandshake createSession
INFO: Detected dialect: W3C
]]></system-err>
  </testcase>
  <testcase name="modifystock" classname="testcase.Stockmanagement" time="0.825">
    <failure message="element not interactable&#10;  (Session info: chrome=96.0.4664.110)&#10;Build info: version: &apos;4.0.0&apos;, revision: &apos;3a21814679&apos;&#10;System info: host: &apos;LAPTOP-HEN8AC4S&apos;, ip: &apos;192.168.0.110&apos;, os.name: &apos;Windows 10&apos;, os.arch: &apos;amd64&apos;, os.version: &apos;10.0&apos;, java.version: &apos;1.8.0_301&apos;&#10;Driver info: org.openqa.selenium.remote.RemoteWebDriver&#10;Command: [1f2e955af6b247c0de4a9e0896cb117f, clickElement {id=cd7cabe6-fc17-49da-b7ec-3135e7351675}]&#10;Capabilities {acceptInsecureCerts: false, browserName: chrome, browserVersion: 96.0.4664.110, chrome: {chromedriverVersion: 96.0.4664.45 (76e4c1bb2ab46..., userDataDir: C:\Users\MATHUR~1\AppData\L...}, goog:chromeOptions: {debuggerAddress: localhost:58339}, javascriptEnabled: true, networkConnectionEnabled: false, pageLoadStrategy: eager, platform: WIN10, platformName: WIN10, proxy: Proxy(), se:cdp: ws://192.168.0.110:4444/ses..., se:cdpVersion: 96.0.4664.110, setWindowRect: true, strictFileInteractability: false, timeouts: {implicit: 0, pageLoad: 300000, script: 30000}, unhandledPromptBehavior: dismiss and notify, webauthn:extension:credBlob: true, webauthn:extension:largeBlob: true, webauthn:virtualAuthenticators: true}&#10;Element: [[RemoteWebDriver: chrome on WIN10 (1f2e955af6b247c0de4a9e0896cb117f)] -&gt; xpath: //table[@id=&apos;stock&apos;]/tbody/tr[3]/td[3]//input]&#10;Session ID: 1f2e955af6b247c0de4a9e0896cb117f" type="org.openqa.selenium.ElementNotInteractableException"><![CDATA[org.openqa.selenium.ElementNotInteractableException: 
element not interactable
  (Session info: chrome=96.0.4664.110)
Build info: version: '4.0.0', revision: '3a21814679'
System info: host: 'LAPTOP-HEN8AC4S', ip: '192.168.0.110', os.name: 'Windows 10', os.arch: 'amd64', os.version: '10.0', java.version: '1.8.0_301'
Driver info: org.openqa.selenium.remote.RemoteWebDriver
Command: [1f2e955af6b247c0de4a9e0896cb117f, clickElement {id=cd7cabe6-fc17-49da-b7ec-3135e7351675}]
Capabilities {acceptInsecureCerts: false, browserName: chrome, browserVersion: 96.0.4664.110, chrome: {chromedriverVersion: 96.0.4664.45 (76e4c1bb2ab46..., userDataDir: C:\Users\MATHUR~1\AppData\L...}, goog:chromeOptions: {debuggerAddress: localhost:58339}, javascriptEnabled: true, networkConnectionEnabled: false, pageLoadStrategy: eager, platform: WIN10, platformName: WIN10, proxy: Proxy(), se:cdp: ws://192.168.0.110:4444/ses..., se:cdpVersion: 96.0.4664.110, setWindowRect: true, strictFileInteractability: false, timeouts: {implicit: 0, pageLoad: 300000, script: 30000}, unhandledPromptBehavior: dismiss and notify, webauthn:extension:credBlob: true, webauthn:extension:largeBlob: true, webauthn:virtualAuthenticators: true}
Element: [[RemoteWebDriver: chrome on WIN10 (1f2e955af6b247c0de4a9e0896cb117f)] -> xpath: //table[@id='stock']/tbody/tr[3]/td[3]//input]
Session ID: 1f2e955af6b247c0de4a9e0896cb117f
	at testcase.Stockmanagement.modifystock(Stockmanagement.java:68)
]]></failure>
    <system-out><![CDATA[before method
 Test Failed-modifystock
element not interactable
  (Session info: chrome=96.0.4664.110)
Build info: version: '4.0.0', revision: '3a21814679'
System info: host: 'LAPTOP-HEN8AC4S', ip: '192.168.0.110', os.name: 'Windows 10', os.arch: 'amd64', os.version: '10.0', java.version: '1.8.0_301'
Driver info: org.openqa.selenium.remote.RemoteWebDriver
Command: [1f2e955af6b247c0de4a9e0896cb117f, clickElement {id=cd7cabe6-fc17-49da-b7ec-3135e7351675}]
Capabilities {acceptInsecureCerts: false, browserName: chrome, browserVersion: 96.0.4664.110, chrome: {chromedriverVersion: 96.0.4664.45 (76e4c1bb2ab46..., userDataDir: C:\Users\MATHUR~1\AppData\L...}, goog:chromeOptions: {debuggerAddress: localhost:58339}, javascriptEnabled: true, networkConnectionEnabled: false, pageLoadStrategy: eager, platform: WIN10, platformName: WIN10, proxy: Proxy(), se:cdp: ws://192.168.0.110:4444/ses..., se:cdpVersion: 96.0.4664.110, setWindowRect: true, strictFileInteractability: false, timeouts: {implicit: 0, pageLoad: 300000, script: 30000}, unhandledPromptBehavior: dismiss and notify, webauthn:extension:credBlob: true, webauthn:extension:largeBlob: true, webauthn:virtualAuthenticators: true}
Element: [[RemoteWebDriver: chrome on WIN10 (1f2e955af6b247c0de4a9e0896cb117f)] -> xpath: //table[@id='stock']/tbody/tr[3]/td[3]//input]
Session ID: 1f2e955af6b247c0de4a9e0896cb117f
]]></system-out>
  </testcase>
  <testcase name="modifystock" classname="testcase.Stockmanagement" time="29.616">
    <failure message="element not interactable&#10;  (Session info: chrome=96.0.4664.110)&#10;Build info: version: &apos;4.0.0&apos;, revision: &apos;3a21814679&apos;&#10;System info: host: &apos;LAPTOP-HEN8AC4S&apos;, ip: &apos;192.168.0.110&apos;, os.name: &apos;Windows 10&apos;, os.arch: &apos;amd64&apos;, os.version: &apos;10.0&apos;, java.version: &apos;1.8.0_301&apos;&#10;Driver info: org.openqa.selenium.remote.RemoteWebDriver&#10;Command: [bc21d89e12e0384fcc64af7b5727d995, clickElement {id=24f41c68-7f7b-4c78-be83-1d9952dcbad9}]&#10;Capabilities {acceptInsecureCerts: false, browserName: chrome, browserVersion: 96.0.4664.110, chrome: {chromedriverVersion: 96.0.4664.45 (76e4c1bb2ab46..., userDataDir: C:\Users\MATHUR~1\AppData\L...}, goog:chromeOptions: {debuggerAddress: localhost:58870}, javascriptEnabled: true, networkConnectionEnabled: false, pageLoadStrategy: eager, platform: WIN10, platformName: WIN10, proxy: Proxy(), se:cdp: ws://192.168.0.110:4444/ses..., se:cdpVersion: 96.0.4664.110, setWindowRect: true, strictFileInteractability: false, timeouts: {implicit: 0, pageLoad: 300000, script: 30000}, unhandledPromptBehavior: dismiss and notify, webauthn:extension:credBlob: true, webauthn:extension:largeBlob: true, webauthn:virtualAuthenticators: true}&#10;Element: [[RemoteWebDriver: chrome on WIN10 (bc21d89e12e0384fcc64af7b5727d995)] -&gt; xpath: //table[@id=&apos;stock&apos;]/tbody/tr[3]/td[3]//input]&#10;Session ID: bc21d89e12e0384fcc64af7b5727d995" type="org.openqa.selenium.ElementNotInteractableException"><![CDATA[org.openqa.selenium.ElementNotInteractableException: 
element not interactable
  (Session info: chrome=96.0.4664.110)
Build info: version: '4.0.0', revision: '3a21814679'
System info: host: 'LAPTOP-HEN8AC4S', ip: '192.168.0.110', os.name: 'Windows 10', os.arch: 'amd64', os.version: '10.0', java.version: '1.8.0_301'
Driver info: org.openqa.selenium.remote.RemoteWebDriver
Command: [bc21d89e12e0384fcc64af7b5727d995, clickElement {id=24f41c68-7f7b-4c78-be83-1d9952dcbad9}]
Capabilities {acceptInsecureCerts: false, browserName: chrome, browserVersion: 96.0.4664.110, chrome: {chromedriverVersion: 96.0.4664.45 (76e4c1bb2ab46..., userDataDir: C:\Users\MATHUR~1\AppData\L...}, goog:chromeOptions: {debuggerAddress: localhost:58870}, javascriptEnabled: true, networkConnectionEnabled: false, pageLoadStrategy: eager, platform: WIN10, platformName: WIN10, proxy: Proxy(), se:cdp: ws://192.168.0.110:4444/ses..., se:cdpVersion: 96.0.4664.110, setWindowRect: true, strictFileInteractability: false, timeouts: {implicit: 0, pageLoad: 300000, script: 30000}, unhandledPromptBehavior: dismiss and notify, webauthn:extension:credBlob: true, webauthn:extension:largeBlob: true, webauthn:virtualAuthenticators: true}
Element: [[RemoteWebDriver: chrome on WIN10 (bc21d89e12e0384fcc64af7b5727d995)] -> xpath: //table[@id='stock']/tbody/tr[3]/td[3]//input]
Session ID: bc21d89e12e0384fcc64af7b5727d995
	at testcase.Stockmanagement.modifystock(Stockmanagement.java:68)
]]></failure>
    <system-out><![CDATA[aftertest
url------https://money.rediff.com/index.html
url------https://money.rediff.com/index.html
waiting for jquery to load
waiting for jquery to load
waiting for jquery to load
waiting for jquery to load
waiting for jquery to load
before method
before method
waiting for jquery to load
waiting for jquery to load
waiting for jquery to load
waiting for jquery to load
waiting for jquery to load
waiting for jquery to load
waiting for jquery to load
waiting for jquery to load
waiting for jquery to load
waiting for jquery to load
waiting for jquery to load
waiting for jquery to load
waiting for jquery to load
waiting for jquery to load
waiting for jquery to load
waiting for jquery to load
waiting for jquery to load
3
10

SBI Cards and Pay
BSE  
150
985.00
147,750.00
928.00 (5.15)
139,200.00
-8,550.00
-5.79
10

Tata Consultancy
BSE  
72
2,850.67
205,248.00
3,736.85 (3.70)
269,053.20
63,805.20
31.09
waiting for jquery to load
10

Tata Motors Ltd.
Tata Motors Ltd.------2
3
10

SBI Cards and Pay
BSE  
150
985.00
147,750.00
928.00 (5.15)
139,200.00
-8,550.00
-5.79
10

Tata Consultancy
BSE  
72
2,850.67
205,248.00
3,736.85 (3.70)
269,053.20
63,805.20
waiting for jquery to load
31.09
10

Tata Motors Ltd.
Tata Motors Ltd.------2
waiting for jquery to load
3
10

SBI Cards and Pay
BSE  
150
985.00
147,750.00
928.00 (5.15)
139,200.00
-8,550.00
-5.79
10

Tata Consultancy
BSE  
72
2,850.67
205,248.00
3,736.85 (3.70)
269,053.20
+63,804.96
31.09
10

Tata Motors Ltd.
Tata Motors Ltd.------2
3
10

SBI Cards and Pay
waiting for jquery to load
BSE  
150
985.00
147,750.00
928.00 (5.15)
139,200.00
-8,550.00
-5.79
10

Tata Consultancy
BSE  
72
2,850.67
205,248.00
3,736.85 (3.70)
269,053.20
63,805.20
31.09
10

Tata Motors Ltd.
Tata Motors Ltd.------2
waiting for jquery to load
3
10

SBI Cards and Pay
BSE  
150
985.00
147,750.00
928.00 (5.15)
139,200.00
-8,550.00
-5.79
10

Tata Consultancy
BSE  
72
2,850.67
205,248.00
3,736.85 (3.70)
269,053.20
63,805.20
31.09
10

waiting for jquery to load
Tata Motors Ltd.
Tata Motors Ltd.------2
3
10

SBI Cards and Pay
BSE  
150
985.00
147,750.00
928.00 (5.15)
139,200.00
-8,550.00
-5.79
10

Tata Consultancy
BSE  
72
2,850.67
205,248.00
3,736.85 (3.70)
269,053.20
63,805.20
31.09
10

Tata Motors Ltd.
Tata Motors Ltd.------2
waiting for jquery to load
waiting for jquery to load
waiting for jquery to load
waiting for jquery to load
waiting for jquery to load
waiting for jquery to load
waiting for jquery to load
 Test Failed-modifystock
element not interactable
  (Session info: chrome=96.0.4664.110)
Build info: version: '4.0.0', revision: '3a21814679'
System info: host: 'LAPTOP-HEN8AC4S', ip: '192.168.0.110', os.name: 'Windows 10', os.arch: 'amd64', os.version: '10.0', java.version: '1.8.0_301'
Driver info: org.openqa.selenium.remote.RemoteWebDriver
Command: [bc21d89e12e0384fcc64af7b5727d995, clickElement {id=24f41c68-7f7b-4c78-be83-1d9952dcbad9}]
Capabilities {acceptInsecureCerts: false, browserName: chrome, browserVersion: 96.0.4664.110, chrome: {chromedriverVersion: 96.0.4664.45 (76e4c1bb2ab46..., userDataDir: C:\Users\MATHUR~1\AppData\L...}, goog:chromeOptions: {debuggerAddress: localhost:58870}, javascriptEnabled: true, networkConnectionEnabled: false, pageLoadStrategy: eager, platform: WIN10, platformName: WIN10, proxy: Proxy(), se:cdp: ws://192.168.0.110:4444/ses..., se:cdpVersion: 96.0.4664.110, setWindowRect: true, strictFileInteractability: false, timeouts: {implicit: 0, pageLoad: 300000, script: 30000}, unhandledPromptBehavior: dismiss and notify, webauthn:extension:credBlob: true, webauthn:extension:largeBlob: true, webauthn:virtualAuthenticators: true}
Element: [[RemoteWebDriver: chrome on WIN10 (bc21d89e12e0384fcc64af7b5727d995)] -> xpath: //table[@id='stock']/tbody/tr[3]/td[3]//input]
Session ID: bc21d89e12e0384fcc64af7b5727d995
]]></system-out>
    <system-err><![CDATA[Jan 01, 2022 10:47:02 PM org.openqa.selenium.remote.ProtocolHandshake createSession
INFO: Detected dialect: W3C
Jan 01, 2022 10:47:03 PM org.openqa.selenium.remote.ProtocolHandshake createSession
INFO: Detected dialect: W3C
]]></system-err>
  </testcase>
  <testcase name="modifystock" classname="testcase.Stockmanagement" time="57.888"/>
  <testcase name="verifyquantity" classname="testcase.Stockmanagement" time="11.811"/>
  <testcase name="verifyquantity" classname="testcase.Stockmanagement" time="3.273"/>
  <testcase name="verifyquantity" classname="testcase.Stockmanagement" time="13.345"/>
  <testcase name="verifyquantity" classname="testcase.Stockmanagement" time="14.449"/>
  <testcase name="verifytransactionhistory" classname="testcase.Stockmanagement" time="11.446"/>
  <testcase name="verifytransactionhistory" classname="testcase.Stockmanagement" time="12.603">
    <failure message="element not interactable&#10;  (Session info: chrome=96.0.4664.110)&#10;Build info: version: &apos;4.0.0&apos;, revision: &apos;3a21814679&apos;&#10;System info: host: &apos;LAPTOP-HEN8AC4S&apos;, ip: &apos;192.168.0.110&apos;, os.name: &apos;Windows 10&apos;, os.arch: &apos;amd64&apos;, os.version: &apos;10.0&apos;, java.version: &apos;1.8.0_301&apos;&#10;Driver info: org.openqa.selenium.remote.RemoteWebDriver&#10;Command: [fd3138ded76cd240e3a1f9906864aac2, clickElement {id=f0322078-67ee-4e6a-a8b2-bd6b0f551c28}]&#10;Capabilities {acceptInsecureCerts: false, browserName: chrome, browserVersion: 96.0.4664.110, chrome: {chromedriverVersion: 96.0.4664.45 (76e4c1bb2ab46..., userDataDir: C:\Users\MATHUR~1\AppData\L...}, goog:chromeOptions: {debuggerAddress: localhost:58338}, javascriptEnabled: true, networkConnectionEnabled: false, pageLoadStrategy: eager, platform: WIN10, platformName: WIN10, proxy: Proxy(), se:cdp: ws://192.168.0.110:4444/ses..., se:cdpVersion: 96.0.4664.110, setWindowRect: true, strictFileInteractability: false, timeouts: {implicit: 0, pageLoad: 300000, script: 30000}, unhandledPromptBehavior: dismiss and notify, webauthn:extension:credBlob: true, webauthn:extension:largeBlob: true, webauthn:virtualAuthenticators: true}&#10;Element: [[RemoteWebDriver: chrome on WIN10 (fd3138ded76cd240e3a1f9906864aac2)] -&gt; xpath: //table[@id=&apos;stock&apos;]/tbody/tr[3]/td[3]//input[3]]&#10;Session ID: fd3138ded76cd240e3a1f9906864aac2" type="org.openqa.selenium.ElementNotInteractableException"><![CDATA[org.openqa.selenium.ElementNotInteractableException: 
element not interactable
  (Session info: chrome=96.0.4664.110)
Build info: version: '4.0.0', revision: '3a21814679'
System info: host: 'LAPTOP-HEN8AC4S', ip: '192.168.0.110', os.name: 'Windows 10', os.arch: 'amd64', os.version: '10.0', java.version: '1.8.0_301'
Driver info: org.openqa.selenium.remote.RemoteWebDriver
Command: [fd3138ded76cd240e3a1f9906864aac2, clickElement {id=f0322078-67ee-4e6a-a8b2-bd6b0f551c28}]
Capabilities {acceptInsecureCerts: false, browserName: chrome, browserVersion: 96.0.4664.110, chrome: {chromedriverVersion: 96.0.4664.45 (76e4c1bb2ab46..., userDataDir: C:\Users\MATHUR~1\AppData\L...}, goog:chromeOptions: {debuggerAddress: localhost:58338}, javascriptEnabled: true, networkConnectionEnabled: false, pageLoadStrategy: eager, platform: WIN10, platformName: WIN10, proxy: Proxy(), se:cdp: ws://192.168.0.110:4444/ses..., se:cdpVersion: 96.0.4664.110, setWindowRect: true, strictFileInteractability: false, timeouts: {implicit: 0, pageLoad: 300000, script: 30000}, unhandledPromptBehavior: dismiss and notify, webauthn:extension:credBlob: true, webauthn:extension:largeBlob: true, webauthn:virtualAuthenticators: true}
Element: [[RemoteWebDriver: chrome on WIN10 (fd3138ded76cd240e3a1f9906864aac2)] -> xpath: //table[@id='stock']/tbody/tr[3]/td[3]//input[3]]
Session ID: fd3138ded76cd240e3a1f9906864aac2
	at testcase.Stockmanagement.verifytransactionhistory(Stockmanagement.java:132)
]]></failure>
    <system-out><![CDATA[aftertest
 Test Failed-verifytransactionhistory
element not interactable
  (Session info: chrome=96.0.4664.110)
Build info: version: '4.0.0', revision: '3a21814679'
System info: host: 'LAPTOP-HEN8AC4S', ip: '192.168.0.110', os.name: 'Windows 10', os.arch: 'amd64', os.version: '10.0', java.version: '1.8.0_301'
Driver info: org.openqa.selenium.remote.RemoteWebDriver
Command: [fd3138ded76cd240e3a1f9906864aac2, clickElement {id=f0322078-67ee-4e6a-a8b2-bd6b0f551c28}]
Capabilities {acceptInsecureCerts: false, browserName: chrome, browserVersion: 96.0.4664.110, chrome: {chromedriverVersion: 96.0.4664.45 (76e4c1bb2ab46..., userDataDir: C:\Users\MATHUR~1\AppData\L...}, goog:chromeOptions: {debuggerAddress: localhost:58338}, javascriptEnabled: true, networkConnectionEnabled: false, pageLoadStrategy: eager, platform: WIN10, platformName: WIN10, proxy: Proxy(), se:cdp: ws://192.168.0.110:4444/ses..., se:cdpVersion: 96.0.4664.110, setWindowRect: true, strictFileInteractability: false, timeouts: {implicit: 0, pageLoad: 300000, script: 30000}, unhandledPromptBehavior: dismiss and notify, webauthn:extension:credBlob: true, webauthn:extension:largeBlob: true, webauthn:virtualAuthenticators: true}
Element: [[RemoteWebDriver: chrome on WIN10 (fd3138ded76cd240e3a1f9906864aac2)] -> xpath: //table[@id='stock']/tbody/tr[3]/td[3]//input[3]]
Session ID: fd3138ded76cd240e3a1f9906864aac2
]]></system-out>
  </testcase>
  <testcase name="verifytransactionhistory" classname="testcase.Stockmanagement" time="26.496">
    <failure message="no such element: Unable to locate element: {&quot;method&quot;:&quot;xpath&quot;,&quot;selector&quot;:&quot;//table[@class=&apos;dataTable&apos;]/tbody/tr/td[4]&quot;}&#10;  (Session info: chrome=96.0.4664.110)&#10;For documentation on this error, please visit: https://selenium.dev/exceptions/#no_such_element&#10;Build info: version: &apos;4.0.0&apos;, revision: &apos;3a21814679&apos;&#10;System info: host: &apos;LAPTOP-HEN8AC4S&apos;, ip: &apos;192.168.0.110&apos;, os.name: &apos;Windows 10&apos;, os.arch: &apos;amd64&apos;, os.version: &apos;10.0&apos;, java.version: &apos;1.8.0_301&apos;&#10;Driver info: org.openqa.selenium.remote.RemoteWebDriver&#10;Command: [bc21d89e12e0384fcc64af7b5727d995, findElement {using=xpath, value=//table[@class=&apos;dataTable&apos;]/tbody/tr/td[4]}]&#10;Capabilities {acceptInsecureCerts: false, browserName: chrome, browserVersion: 96.0.4664.110, chrome: {chromedriverVersion: 96.0.4664.45 (76e4c1bb2ab46..., userDataDir: C:\Users\MATHUR~1\AppData\L...}, goog:chromeOptions: {debuggerAddress: localhost:58870}, javascriptEnabled: true, networkConnectionEnabled: false, pageLoadStrategy: eager, platform: WIN10, platformName: WIN10, proxy: Proxy(), se:cdp: ws://192.168.0.110:4444/ses..., se:cdpVersion: 96.0.4664.110, setWindowRect: true, strictFileInteractability: false, timeouts: {implicit: 0, pageLoad: 300000, script: 30000}, unhandledPromptBehavior: dismiss and notify, webauthn:extension:credBlob: true, webauthn:extension:largeBlob: true, webauthn:virtualAuthenticators: true}&#10;Session ID: bc21d89e12e0384fcc64af7b5727d995" type="org.openqa.selenium.NoSuchElementException"><![CDATA[org.openqa.selenium.NoSuchElementException: 
no such element: Unable to locate element: {"method":"xpath","selector":"//table[@class='dataTable']/tbody/tr/td[4]"}
  (Session info: chrome=96.0.4664.110)
For documentation on this error, please visit: https://selenium.dev/exceptions/#no_such_element
Build info: version: '4.0.0', revision: '3a21814679'
System info: host: 'LAPTOP-HEN8AC4S', ip: '192.168.0.110', os.name: 'Windows 10', os.arch: 'amd64', os.version: '10.0', java.version: '1.8.0_301'
Driver info: org.openqa.selenium.remote.RemoteWebDriver
Command: [bc21d89e12e0384fcc64af7b5727d995, findElement {using=xpath, value=//table[@class='dataTable']/tbody/tr/td[4]}]
Capabilities {acceptInsecureCerts: false, browserName: chrome, browserVersion: 96.0.4664.110, chrome: {chromedriverVersion: 96.0.4664.45 (76e4c1bb2ab46..., userDataDir: C:\Users\MATHUR~1\AppData\L...}, goog:chromeOptions: {debuggerAddress: localhost:58870}, javascriptEnabled: true, networkConnectionEnabled: false, pageLoadStrategy: eager, platform: WIN10, platformName: WIN10, proxy: Proxy(), se:cdp: ws://192.168.0.110:4444/ses..., se:cdpVersion: 96.0.4664.110, setWindowRect: true, strictFileInteractability: false, timeouts: {implicit: 0, pageLoad: 300000, script: 30000}, unhandledPromptBehavior: dismiss and notify, webauthn:extension:credBlob: true, webauthn:extension:largeBlob: true, webauthn:virtualAuthenticators: true}
Session ID: bc21d89e12e0384fcc64af7b5727d995
	at testcase.Stockmanagement.verifytransactionhistory(Stockmanagement.java:135)
]]></failure>
    <system-out><![CDATA[before method
3
10

SBI Cards and Pay
BSE  
150
985.00
147,750.00
928.00 (5.15)
139,200.00
-8,550.00
-5.79
10

Tata Consultancy
BSE  
72
2,850.67
205,248.00
3,736.85 (3.70)
269,053.20
+63,804.96
31.09
10

Tata Motors Ltd.
Tata Motors Ltd.------2
3
10

SBI Cards and Pay
BSE  
150
985.00
147,750.00
928.00 (5.15)
139,200.00
-8,550.00
-5.79
10

Tata Consultancy
BSE  
72
2,850.67
205,248.00
3,736.85 (3.70)
269,053.20
+63,804.96
31.09
10

Tata Motors Ltd.
Tata Motors Ltd.------2
waiting for jquery to load
waiting for jquery to load
waiting for jquery to load
waiting for jquery to load
waiting for jquery to load
waiting for jquery to load
waiting for jquery to load
waiting for jquery to load
waiting for jquery to load
waiting for jquery to load
 Test Failed-verifytransactionhistory
no such element: Unable to locate element: {"method":"xpath","selector":"//table[@class='dataTable']/tbody/tr/td[4]"}
  (Session info: chrome=96.0.4664.110)
For documentation on this error, please visit: https://selenium.dev/exceptions/#no_such_element
Build info: version: '4.0.0', revision: '3a21814679'
System info: host: 'LAPTOP-HEN8AC4S', ip: '192.168.0.110', os.name: 'Windows 10', os.arch: 'amd64', os.version: '10.0', java.version: '1.8.0_301'
Driver info: org.openqa.selenium.remote.RemoteWebDriver
Command: [bc21d89e12e0384fcc64af7b5727d995, findElement {using=xpath, value=//table[@class='dataTable']/tbody/tr/td[4]}]
Capabilities {acceptInsecureCerts: false, browserName: chrome, browserVersion: 96.0.4664.110, chrome: {chromedriverVersion: 96.0.4664.45 (76e4c1bb2ab46..., userDataDir: C:\Users\MATHUR~1\AppData\L...}, goog:chromeOptions: {debuggerAddress: localhost:58870}, javascriptEnabled: true, networkConnectionEnabled: false, pageLoadStrategy: eager, platform: WIN10, platformName: WIN10, proxy: Proxy(), se:cdp: ws://192.168.0.110:4444/ses..., se:cdpVersion: 96.0.4664.110, setWindowRect: true, strictFileInteractability: false, timeouts: {implicit: 0, pageLoad: 300000, script: 30000}, unhandledPromptBehavior: dismiss and notify, webauthn:extension:credBlob: true, webauthn:extension:largeBlob: true, webauthn:virtualAuthenticators: true}
Session ID: bc21d89e12e0384fcc64af7b5727d995
]]></system-out>
  </testcase>
  <testcase name="verifytransactionhistory" classname="testcase.Stockmanagement" time="12.587"/>
</testsuite>