<?xml version="1.0" encoding="UTF-8"?>
<!-- Generated by org.testng.reporters.JUnitXMLReporter -->
<testsuite hostname="LAPTOP-HEN8AC4S" ignored="2" name="AddStockTest" tests="2" failures="0" timestamp="2022-01-01T09:30:56 IST" time="79.058" errors="0">
  <testcase name="addstock" time="22.737" classname="testcase.Stockmanagement"/>
  <testcase name="verifytransactionhistory" time="11.848" classname="testcase.Stockmanagement"/>
  <testcase name="verifyquantity" time="0.0" classname="testcase.Stockmanagement">
    <ignored/>
  </testcase> <!-- verifyquantity -->
  <testcase name="modifystock" time="0.0" classname="testcase.Stockmanagement">
    <ignored/>
  </testcase> <!-- modifystock -->
</testsuite> <!-- AddStockTest -->
