<?xml version="1.0" encoding="UTF-8"?>
<!-- Generated by org.testng.reporters.JUnitXMLReporter -->
<testsuite hostname="LAPTOP-HEN8AC4S" ignored="1" name="BuyStockTest" tests="3" failures="0" timestamp="2022-01-08T12:50:17 IST" time="26.817" errors="0">
  <testcase name="modifystock" time="0.0" classname="testcase.Stockmanagement">
    <skipped/>
  </testcase> <!-- modifystock -->
  <testcase name="verifyquantity" time="0.0" classname="testcase.Stockmanagement">
    <skipped/>
  </testcase> <!-- verifyquantity -->
  <testcase name="verifytransactionhistory" time="0.0" classname="testcase.Stockmanagement">
    <skipped/>
  </testcase> <!-- verifytransactionhistory -->
  <testcase name="addstock" time="0.0" classname="testcase.Stockmanagement">
    <ignored/>
  </testcase> <!-- addstock -->
</testsuite> <!-- BuyStockTest -->
