<?xml version="1.0" encoding="UTF-8"?>
<!-- Generated by org.testng.reporters.JUnitXMLReporter -->
<testsuite hostname="LAPTOP-HEN8AC4S" ignored="1" name="Buy Existing Stock" tests="3" failures="0" timestamp="2022-01-08T12:55:12 IST" time="115.67" errors="0">
  <testcase name="modifystock" time="52.544" classname="testcase.Stockmanagement"/>
  <testcase name="verifyquantity" time="12.298" classname="testcase.Stockmanagement"/>
  <testcase name="verifytransactionhistory" time="11.251" classname="testcase.Stockmanagement"/>
  <testcase name="addstock" time="0.0" classname="testcase.Stockmanagement">
    <ignored/>
  </testcase> <!-- addstock -->
</testsuite> <!-- Buy Existing Stock -->
