<?xml version="1.0" encoding="UTF-8"?>
<!-- Generated by org.testng.reporters.JUnitXMLReporter -->
<testsuite hostname="LAPTOP-HEN8AC4S" ignored="1" name="Buy Existing Stock--1" tests="3" failures="2" timestamp="2022-01-08T21:53:15 IST" time="82.002" errors="0">
  <testcase name="modifystock" time="23.411" classname="testcase.Stockmanagement"/>
  <testcase name="verifyquantity" time="11.728" classname="testcase.Stockmanagement">
    <failure type="java.lang.ClassCastException" message="java.lang.String cannot be cast to java.lang.Integer">
      <![CDATA[java.lang.ClassCastException: java.lang.String cannot be cast to java.lang.Integer
at testcase.Stockmanagement.verifyquantity(Stockmanagement.java:103)
at java.util.ArrayList.forEach(ArrayList.java:1259)
at Runner.Runnerhelper.run(Runnerhelper.java:105)
at Runner.JSONRunner.main(JSONRunner.java:126)
... Removed 24 stack frames]]>
    </failure>
  </testcase> <!-- verifyquantity -->
  <testcase name="verifytransactionhistory" time="11.008" classname="testcase.Stockmanagement">
    <failure type="java.lang.ClassCastException" message="java.lang.String cannot be cast to java.lang.Integer">
      <![CDATA[java.lang.ClassCastException: java.lang.String cannot be cast to java.lang.Integer
at testcase.Stockmanagement.verifytransactionhistory(Stockmanagement.java:138)
at java.util.ArrayList.forEach(ArrayList.java:1259)
at Runner.Runnerhelper.run(Runnerhelper.java:105)
at Runner.JSONRunner.main(JSONRunner.java:126)
... Removed 24 stack frames]]>
    </failure>
  </testcase> <!-- verifytransactionhistory -->
  <testcase name="addstock" time="0.0" classname="testcase.Stockmanagement">
    <ignored/>
  </testcase> <!-- addstock -->
</testsuite> <!-- Buy Existing Stock-1 -->
