<?xml version="1.0" encoding="UTF-8"?>
<!-- Generated by org.testng.reporters.JUnitXMLReporter -->
<testsuite hostname="LAPTOP-HEN8AC4S" ignored="1" name="Sell Existing Stock" tests="3" failures="0" timestamp="2022-01-08T12:53:16 IST" time="127.27" errors="0">
  <testcase name="modifystock" time="54.663" classname="testcase.Stockmanagement"/>
  <testcase name="verifyquantity" time="11.754" classname="testcase.Stockmanagement"/>
  <testcase name="verifytransactionhistory" time="11.437" classname="testcase.Stockmanagement"/>
  <testcase name="addstock" time="0.0" classname="testcase.Stockmanagement">
    <ignored/>
  </testcase> <!-- addstock -->
</testsuite> <!-- Sell Existing Stock -->
