<?xml version="1.0" encoding="UTF-8"?>
<!-- Generated by org.testng.reporters.JUnitXMLReporter -->
<testsuite hostname="LAPTOP-HEN8AC4S" ignored="1" name="Test" tests="9" failures="0" timestamp="2021-12-18T18:25:09 IST" time="26.592" errors="0">
  <testcase name="login" time="15.884" classname="testcase.Session"/>
  <testcase name="logout" time="10.604" classname="testcase.Session"/>
  <testcase name="createportfolio" time="0.002" classname="testcase.portfoliomanagement"/>
  <testcase name="deleteportfolio" time="0.002" classname="testcase.portfoliomanagement"/>
  <testcase name="addstock" time="0.002" classname="testcase.Stockmanagement"/>
  <testcase name="modifystock" time="0.002" classname="testcase.Stockmanagement"/>
  <testcase name="verifybuyprice" time="0.002" classname="testcase.Stockmanagement"/>
  <testcase name="verifyquantity" time="0.003" classname="testcase.Stockmanagement"/>
  <testcase name="verifytransactionhistory" time="0.003" classname="testcase.Stockmanagement"/>
  <testcase name="@BeforeTest beforetest" time="0.0" classname="testbase.testbase">
    <ignored/>
  </testcase> <!-- @BeforeTest beforetest -->
</testsuite> <!-- Test -->
