<?xml version="1.0" encoding="UTF-8"?>
<!-- Generated by org.testng.reporters.JUnitXMLReporter -->
<testsuite hostname="LAPTOP-HEN8AC4S" ignored="0" name="TestA" tests="2" failures="2" timestamp="2021-12-26T12:18:10 IST" time="58.409" errors="0">
  <testcase name="createportfolio" time="35.313" classname="testcase.portfoliomanagement">
    <failure type="java.lang.IllegalArgumentException" message="Locator must be set">
      <![CDATA[java.lang.IllegalArgumentException: Locator must be set
at org.openqa.selenium.internal.Require.nonNull(Require.java:56)
at org.openqa.selenium.remote.RemoteWebDriver.findElement(RemoteWebDriver.java:373)
at keywords.Generickeywords.findwebelement(Generickeywords.java:124)
at keywords.Validationkeywords.verifyvalueindropdown(Validationkeywords.java:12)
at testcase.portfoliomanagement.createportfolio(portfoliomanagement.java:32)
at java.util.ArrayList.forEach(ArrayList.java:1259)
... Removed 27 stack frames]]>
    </failure>
  </testcase> <!-- createportfolio -->
  <testcase name="deleteportfolio" time="0.148" classname="testcase.portfoliomanagement">
    <failure type="java.lang.IllegalArgumentException" message="Locator must be set">
      <![CDATA[java.lang.IllegalArgumentException: Locator must be set
at org.openqa.selenium.internal.Require.nonNull(Require.java:56)
at org.openqa.selenium.remote.RemoteWebDriver.findElement(RemoteWebDriver.java:373)
at keywords.Generickeywords.findwebelement(Generickeywords.java:124)
at keywords.Generickeywords.selectvaluefromdropdown(Generickeywords.java:285)
at testcase.portfoliomanagement.deleteportfolio(portfoliomanagement.java:56)
at java.util.ArrayList.forEach(ArrayList.java:1259)
... Removed 27 stack frames]]>
    </failure>
  </testcase> <!-- deleteportfolio -->
</testsuite> <!-- TestA -->
