<?xml version="1.0" encoding="UTF-8"?>
<!-- Generated by org.testng.reporters.JUnitXMLReporter -->
<testsuite hostname="LAPTOP-HEN8AC4S" ignored="1" name="BookingTest-Apply discount-Instant pay" tests="3" failures="0" timestamp="2022-01-06T18:16:54 IST" time="0.05" errors="0">
  <testcase name="searchhotel" time="0.007" classname="Clientchangingreq.Bookingsearch"/>
  <testcase name="selectroom" time="0.0" classname="Clientchangingreq.Bookingsearch"/>
  <testcase name="enterguestinfo" time="0.0" classname="Clientchangingreq.Bookingsearch"/>
  <testcase name="loadbooking" time="0.0" classname="Clientchangingreq.Bookingsearch">
    <ignored/>
  </testcase> <!-- loadbooking -->
</testsuite> <!-- BookingTest-Apply discount-Instant pay -->
