<?xml version="1.0" encoding="UTF-8"?>
<!-- Generated by org.testng.reporters.JUnitXMLReporter -->
<testsuite hostname="LAPTOP-HEN8AC4S" ignored="0" name="Client compatibility Test" tests="6" failures="0" timestamp="2021-12-14T17:40:34 IST" time="0.093" errors="0">
  <testcase name="searchhotel" time="0.013" classname="Clientchangingreq.Bookingsearch"/>
  <testcase name="selecthotel" time="0.002" classname="Clientchangingreq.Bookingsearch"/>
  <testcase name="enterguestinfo" time="0.002" classname="Clientchangingreq.Bookingsearch"/>
  <testcase name="applydiscount" time="0.002" classname="Clientchangingreq.Paymentmanager"/>
  <testcase name="makepayment" time="0.002" classname="Clientchangingreq.Paymentmanager"/>
  <testcase name="checkemail" time="0.005" classname="Clientchangingreq.customercommunication"/>
</testsuite> <!-- Client compatibility Test -->
